2022-05-11 01:30:20,047 The choice selected by the user is 1
2022-05-11 01:30:42,904 An account has been created for user Rajan
2022-05-11 01:32:28,718 The choice selected by the user is 1
2022-05-11 01:32:47,964 An account has been created for user Karthik
2022-05-12 11:15:41,879 The choice selected by the user is 1
2022-05-12 11:15:56,983 An account has been created for user Mahesh
2022-05-12 11:23:09,286 The choice selected by the user is 1
2022-05-12 11:35:18,881 The choice selected by the user is 1
2022-05-12 11:35:29,798 An account has been created for user Ram
2022-05-15 22:30:10,974 The choice selected by the user is 1
2022-05-15 22:30:24,841 An account has been created for user Tochi
2022-05-16 00:10:34,545 The choice selected by the user is 2
2022-05-16 00:10:52,779 Mobile number entered for login is 7852152152 and password is 123
2022-05-16 00:10:52,779 Invalid credentials entered: mobile -->7852152152 and password --> 123
2022-05-16 00:18:45,994 The choice selected by the user is 2
2022-05-16 00:18:58,509 Mobile number entered for login is 7852152152 and password is 123
2022-05-16 00:18:58,509 Invalid credentials entered: mobile -->7852152152 and password --> 123
2022-05-16 00:22:53,674 The choice selected by the user is 2
2022-05-16 00:22:59,080 Mobile number entered for login is 7852152152 and password is 123
2022-05-16 00:22:59,143 Successful login with mobile number 7852152152
2022-05-16 01:32:44,246 The choice selected by the user is 3
2022-05-16 01:38:06,423 The choice selected by the user is 3
2022-05-16 01:41:30,906 The choice selected by the user is 3
2022-05-16 01:43:00,722 The choice selected by the user is 3
2022-05-16 01:44:19,419 The choice selected by the user is 3
2022-05-16 01:53:42,882 The choice selected by the user is 3
2022-05-16 17:09:10,655 The choice selected by the user is 3
2022-05-16 17:11:13,910 The choice selected by the user is 3
2022-05-16 17:27:52,075 The choice selected by the user is 3
2022-05-16 17:31:32,958 The choice selected by the user is 3
2022-05-16 17:33:11,912 The choice selected by the user is 3
2022-05-16 17:36:26,326 The choice selected by the user is 3
2022-05-16 17:37:47,276 The choice selected by the user is 3
2022-05-16 17:42:16,626 The choice selected by the user is 4
2022-05-16 17:42:37,813 The choice selected by the user is 1
2022-05-16 17:43:01,672 An account has been created for user Dhanasekar
2022-05-16 17:43:17,970 The choice selected by the user is 2
2022-05-16 17:43:21,204 Mobile number entered for login is 9638527410 and password is 123
2022-05-16 17:43:21,220 Successful login with mobile number 9638527410
2022-05-16 17:55:00,567 The choice selected by the user is 2
2022-05-16 17:55:15,019 Mobile number entered for login is 9638527410 and password is 123
2022-05-16 17:55:15,019 Successful login with mobile number 9638527410
2022-05-16 18:01:14,256 The choice selected by the user is 2
2022-05-16 18:01:31,818 Mobile number entered for login is 9638527410 and password is 123
2022-05-16 18:05:24,280 The choice selected by the user is 2
2022-05-16 18:05:27,639 Mobile number entered for login is 9638527410 and password is 123
2022-05-16 18:05:27,655 Successful login with mobile number 9638527410
2022-05-16 18:06:15,044 The choice selected by the user is 3
2022-05-16 18:06:26,215 The choice selected by the user is 4
2022-05-16 18:25:24,664 The choice selected by the user is 3
2022-05-16 18:26:58,366 The choice selected by the user is 3
2022-05-16 18:27:41,208 The choice selected by the user is 3
2022-05-16 18:29:30,983 The choice selected by the user is 3
2022-05-16 18:30:31,429 The choice selected by the user is 3
2022-05-16 18:31:24,096 The choice selected by the user is 3
2022-05-16 18:31:42,573 The choice selected by the user is 3
2022-05-16 18:32:59,161 The choice selected by the user is 3
2022-05-16 18:33:58,217 The choice selected by the user is 3
2022-05-16 18:34:30,218 The choice selected by the user is 3
2022-05-16 18:36:32,355 The choice selected by the user is 3
2022-05-16 18:38:27,726 The choice selected by the user is 3
2022-05-16 18:49:51,049 The choice selected by the user is 3
2022-05-16 18:58:54,406 The choice selected by the user is 3
2022-05-17 00:46:51,667 The choice selected by the user is 3
2022-05-17 01:02:49,690 The choice selected by the user is 3
2022-05-17 01:58:19,917 The choice selected by the user is 3
2022-05-17 01:59:39,665 The choice selected by the user is 3
2022-05-17 02:00:10,929 The choice selected by the user is 3
2022-05-17 02:00:29,007 The choice selected by the user is 3
2022-05-17 02:00:46,756 The choice selected by the user is 3
2022-05-17 02:01:36,098 The choice selected by the user is 3
2022-05-17 16:12:07,872 The choice selected by the user is 1
2022-05-17 16:12:52,873 An account has been created for user Vasanthakumar
2022-05-17 16:13:48,486 The choice selected by the user is 2
2022-05-17 16:14:00,310 Mobile number entered for login is 7904796517 and password is 123
2022-05-17 16:14:00,367 Successful login with mobile number 7904796517
2022-05-17 16:14:17,000 The choice selected by the user is 4
2022-05-17 16:14:52,691 The choice selected by the user is 2
2022-05-17 16:14:59,910 Mobile number entered for login is 7904796517 and password is 123
2022-05-17 16:14:59,915 Successful login with mobile number 7904796517
2022-05-17 16:18:21,351 The choice selected by the user is 2
2022-05-17 16:18:29,241 Mobile number entered for login is 7904796517 and password is 123
2022-05-17 16:18:49,937 The choice selected by the user is 2
2022-05-17 16:18:56,764 Mobile number entered for login is 7904796517 and password is 123
2022-05-17 18:10:19,510 Successful login with mobile number 7904796517
2022-05-17 18:42:27,462 The choice selected by the user is 2
2022-05-17 18:42:34,414 Mobile number entered for login is 7904796517 and password is 123
2022-05-17 18:43:08,695 Successful login with mobile number 7904796520
2022-05-17 18:46:15,423 The choice selected by the user is 2
2022-05-17 18:46:21,282 Mobile number entered for login is 7904796517 and password is 123
2022-05-17 18:54:35,188 The choice selected by the user is 2
2022-05-17 18:54:41,172 Mobile number entered for login is 7904796517 and password is 123
2022-05-17 18:54:47,203 Invalid choice selected--> 11
2022-05-17 18:56:16,943 The choice selected by the user is 3
2022-05-17 19:20:41,883 The choice selected by the user is 2
2022-05-17 19:20:53,477 Mobile number entered for login is 7904796517 and password is 123
2022-05-17 19:22:03,468 The choice selected by the user is 2
2022-05-17 19:22:11,780 Mobile number entered for login is 7904796517 and password is 123
2022-05-18 00:21:19,106 The choice selected by the user is 
2022-05-18 00:21:19,184 Invalid choice selected--> 
2022-05-18 00:21:25,746 The choice selected by the user is 2
2022-05-18 00:21:34,214 Mobile number entered for login is 7904796517 and password is 123
2022-05-18 00:21:39,636 Invalid choice selected--> 3
2022-05-18 00:22:25,322 The choice selected by the user is 2
2022-05-18 00:22:36,353 Mobile number entered for login is 7904796517 and password is 123
2022-05-18 00:24:11,115 The choice selected by the user is 2
2022-05-18 00:24:48,177 Mobile number entered for login is 7904796517 and password is 123
2022-05-18 00:29:16,564 The choice selected by the user is 2
2022-05-18 00:29:22,691 Mobile number entered for login is 7904796517 and password is 123
2022-05-18 01:12:13,469 The choice selected by the user is 2
2022-05-18 01:12:20,188 Mobile number entered for login is 7904796517 and password is 123
2022-05-18 01:17:21,939 The choice selected by the user is 2
2022-05-18 01:17:27,653 Mobile number entered for login is 7904796517 and password is 123
2022-05-18 01:24:12,363 The choice selected by the user is 2
2022-05-18 01:24:20,930 Mobile number entered for login is 7904796517 and password is 123
2022-05-18 01:24:34,600 The choice selected by the user is 2
2022-05-18 01:24:42,054 Mobile number entered for login is 7904796517 and password is 123
2022-05-18 01:26:57,384 The choice selected by the user is 2
2022-05-18 01:27:04,817 Mobile number entered for login is 7904796517 and password is 123
2022-05-18 01:28:41,516 The choice selected by the user is 2
2022-05-18 01:28:48,068 Mobile number entered for login is 7904796517 and password is 123
2022-05-18 01:33:44,974 The choice selected by the user is 2
2022-05-18 01:33:51,823 Mobile number entered for login is 7904796517 and password is 123
2022-05-18 01:36:50,798 The choice selected by the user is 2
2022-05-18 01:37:00,303 Mobile number entered for login is 7904796517 and password is 123
2022-05-18 01:39:41,494 The choice selected by the user is 2
2022-05-18 01:39:47,793 Mobile number entered for login is 7904796517 and password is 123
